<?xml version="1.0" encoding="UTF-8"?>
<!-- Generated by org.testng.reporters.JUnitReportReporter -->
<testsuite hostname="DESKTOP-GQF6IF4" failures="0" tests="1" name="driverFactory.AppTest" time="140.959" errors="0" timestamp="2023-03-18T11:24:22 IST" skipped="0">
  <testcase classname="driverFactory.AppTest" name="kickstart" time="140.959"/>
  <system-out/>
</testsuite> <!-- driverFactory.AppTest -->
