<?xml version="1.0" encoding="UTF-8"?>
<!-- Generated by org.testng.reporters.JUnitReportReporter -->
<testsuite hostname="Aman" failures="0" tests="1" name="driverFactory.AppTest" time="7.985" errors="0" timestamp="2023-03-16T15:55:07 IST" skipped="0">
  <testcase classname="driverFactory.AppTest" name="kickStart" time="7.985"/>
  <system-out/>
</testsuite> <!-- driverFactory.AppTest -->
