<?xml version="1.0" encoding="UTF-8"?>
<!-- Generated by org.testng.reporters.JUnitReportReporter -->
<testsuite hostname="DESKTOP-GQF6IF4" failures="0" tests="1" name="driverFactory.AppTest" time="101.287" errors="0" timestamp="2023-03-18T10:43:52 IST" skipped="0">
  <testcase classname="driverFactory.AppTest" name="kickstart" time="101.287"/>
  <system-out/>
</testsuite> <!-- driverFactory.AppTest -->
